<?xml version="1.0" encoding="UTF-8"?>
<testng-results ignored="0" total="4" passed="4" failed="0" skipped="0">
  <reporter-output>
  </reporter-output>
  <suite started-at="2022-10-01T15:51:22 IST" name="Suite" finished-at="2022-10-01T15:53:32 IST" duration-ms="129734">
    <groups>
    </groups>
    <test started-at="2022-10-01T15:51:22 IST" name="EcommerceTests" finished-at="2022-10-01T15:53:32 IST" duration-ms="129734">
      <class name="ecommerce.SearchProduct">
        <test-method signature="searchProduct()[pri:0, instance:ecommerce.SearchProduct@7fee8714]" started-at="2022-10-01T15:52:13 IST" name="searchProduct" finished-at="2022-10-01T15:52:43 IST" duration-ms="29808" status="PASS">
          <reporter-output>
          </reporter-output>
        </test-method> <!-- searchProduct -->
      </class> <!-- ecommerce.SearchProduct -->
      <class name="ecommerce.RegistrationPage">
        <test-method signature="registration()[pri:0, instance:ecommerce.RegistrationPage@1b1426f4]" started-at="2022-10-01T15:51:22 IST" name="registration" finished-at="2022-10-01T15:51:51 IST" duration-ms="28884" status="PASS">
          <reporter-output>
          </reporter-output>
        </test-method> <!-- registration -->
      </class> <!-- ecommerce.RegistrationPage -->
      <class name="ecommerce.LoginPage">
        <test-method signature="login()[pri:0, instance:ecommerce.LoginPage@6da21078]" started-at="2022-10-01T15:51:51 IST" name="login" finished-at="2022-10-01T15:52:13 IST" duration-ms="22030" status="PASS">
          <reporter-output>
          </reporter-output>
        </test-method> <!-- login -->
      </class> <!-- ecommerce.LoginPage -->
      <class name="ecommerce.AddToCart">
        <test-method signature="addToCart()[pri:0, instance:ecommerce.AddToCart@4229bb3f]" started-at="2022-10-01T15:52:43 IST" name="addToCart" finished-at="2022-10-01T15:53:32 IST" duration-ms="48966" status="PASS">
          <reporter-output>
          </reporter-output>
        </test-method> <!-- addToCart -->
      </class> <!-- ecommerce.AddToCart -->
    </test> <!-- EcommerceTests -->
  </suite> <!-- Suite -->
</testng-results>
