<?xml version="1.0" encoding="UTF-8"?>
<!-- Generated by org.testng.reporters.JUnitXMLReporter -->
<testsuite ignored="0" hostname="DESKTOP-IC583JV" failures="0" tests="5" name="Default test" time="275.386" errors="0" timestamp="2022-10-11T13:00:22 IST">
  <testcase classname="com.sample.flipkart.imageDownloadedBeforeScroll" name="imageDownloadedBeforeScroll" time="41.939"/>
  <testcase classname="com.sample.flipkart.SearchProduct" name="searchProduct" time="39.203"/>
  <testcase classname="com.sample.flipkart.checkFrequency" name="checkFrequency" time="51.678"/>
  <testcase classname="com.sample.flipkart.ImageLoaded" name="imageLoaded" time="37.35"/>
  <testcase classname="com.sample.flipkart.scrollFeature" name="scrollFeature" time="105.163"/>
</testsuite> <!-- Default test -->
