<?xml version="1.0" encoding="UTF-8"?>
<testng-results ignored="0" total="5" passed="5" failed="0" skipped="0">
  <reporter-output>
  </reporter-output>
  <suite started-at="2022-10-11T12:55:46 IST" name="Default suite" finished-at="2022-10-11T13:00:22 IST" duration-ms="275386">
    <groups>
    </groups>
    <test started-at="2022-10-11T12:55:46 IST" name="Default test" finished-at="2022-10-11T13:00:22 IST" duration-ms="275386">
      <class name="com.sample.flipkart.imageDownloadedBeforeScroll">
        <test-method signature="imageDownloadedBeforeScroll()[pri:0, instance:com.sample.flipkart.imageDownloadedBeforeScroll@58695725]" started-at="2022-10-11T12:55:46 IST" name="imageDownloadedBeforeScroll" finished-at="2022-10-11T12:56:28 IST" duration-ms="41939" status="PASS">
          <reporter-output>
          </reporter-output>
        </test-method> <!-- imageDownloadedBeforeScroll -->
      </class> <!-- com.sample.flipkart.imageDownloadedBeforeScroll -->
      <class name="com.sample.flipkart.SearchProduct">
        <test-method signature="searchProduct()[pri:0, instance:com.sample.flipkart.SearchProduct@d5b810e]" started-at="2022-10-11T12:56:28 IST" name="searchProduct" finished-at="2022-10-11T12:57:07 IST" duration-ms="39203" status="PASS">
          <reporter-output>
          </reporter-output>
        </test-method> <!-- searchProduct -->
      </class> <!-- com.sample.flipkart.SearchProduct -->
      <class name="com.sample.flipkart.checkFrequency">
        <test-method signature="checkFrequency()[pri:0, instance:com.sample.flipkart.checkFrequency@43dac38f]" started-at="2022-10-11T12:57:07 IST" name="checkFrequency" finished-at="2022-10-11T12:57:59 IST" duration-ms="51678" status="PASS">
          <reporter-output>
          </reporter-output>
        </test-method> <!-- checkFrequency -->
      </class> <!-- com.sample.flipkart.checkFrequency -->
      <class name="com.sample.flipkart.ImageLoaded">
        <test-method signature="imageLoaded()[pri:0, instance:com.sample.flipkart.ImageLoaded@342c38f8]" started-at="2022-10-11T12:57:59 IST" name="imageLoaded" finished-at="2022-10-11T12:58:36 IST" duration-ms="37350" status="PASS">
          <reporter-output>
          </reporter-output>
        </test-method> <!-- imageLoaded -->
      </class> <!-- com.sample.flipkart.ImageLoaded -->
      <class name="com.sample.flipkart.scrollFeature">
        <test-method signature="scrollFeature()[pri:0, instance:com.sample.flipkart.scrollFeature@c88a337]" started-at="2022-10-11T12:58:36 IST" name="scrollFeature" finished-at="2022-10-11T13:00:22 IST" duration-ms="105163" status="PASS">
          <reporter-output>
          </reporter-output>
        </test-method> <!-- scrollFeature -->
      </class> <!-- com.sample.flipkart.scrollFeature -->
    </test> <!-- Default test -->
  </suite> <!-- Default suite -->
</testng-results>
