<?xml version="1.0" encoding="UTF-8"?>
<!-- Generated by org.testng.reporters.JUnitXMLReporter -->
<testsuite ignored="0" hostname="DESKTOP-IC583JV" failures="0" tests="4" name="EcommerceTests" time="129.734" errors="0" timestamp="2022-10-01T15:53:32 IST">
  <testcase classname="ecommerce.RegistrationPage" name="registration" time="28.884"/>
  <testcase classname="ecommerce.LoginPage" name="login" time="22.03"/>
  <testcase classname="ecommerce.SearchProduct" name="searchProduct" time="29.808"/>
  <testcase classname="ecommerce.AddToCart" name="addToCart" time="48.966"/>
</testsuite> <!-- EcommerceTests -->
