<?xml version="1.0" encoding="UTF-8"?>
<testng-results ignored="0" total="3" passed="3" failed="0" skipped="0">
  <reporter-output>
  </reporter-output>
  <suite started-at="2022-09-27T19:56:48 IST" name="Default suite" finished-at="2022-09-27T19:56:48 IST" duration-ms="51">
    <groups>
    </groups>
    <test started-at="2022-09-27T19:56:48 IST" name="Default test" finished-at="2022-09-27T19:56:48 IST" duration-ms="51">
      <class name="loanapplications.HomeLoanApplicationTests">
        <test-method signature="APIHomeLoan()[pri:0, instance:loanapplications.HomeLoanApplicationTests@2cdd0d4b]" started-at="2022-09-27T19:56:48 IST" name="APIHomeLoan" finished-at="2022-09-27T19:56:48 IST" duration-ms="7" status="PASS">
          <reporter-output>
          </reporter-output>
        </test-method> <!-- APIHomeLoan -->
        <test-method signature="MobileHomeLoan()[pri:0, instance:loanapplications.HomeLoanApplicationTests@2cdd0d4b]" started-at="2022-09-27T19:56:48 IST" name="MobileHomeLoan" finished-at="2022-09-27T19:56:48 IST" duration-ms="2" status="PASS">
          <reporter-output>
          </reporter-output>
        </test-method> <!-- MobileHomeLoan -->
        <test-method signature="WebHomeLoan()[pri:0, instance:loanapplications.HomeLoanApplicationTests@2cdd0d4b]" started-at="2022-09-27T19:56:48 IST" name="WebHomeLoan" finished-at="2022-09-27T19:56:48 IST" duration-ms="1" status="PASS">
          <reporter-output>
          </reporter-output>
        </test-method> <!-- WebHomeLoan -->
      </class> <!-- loanapplications.HomeLoanApplicationTests -->
    </test> <!-- Default test -->
  </suite> <!-- Default suite -->
</testng-results>
