<?xml version="1.0" encoding="UTF-8"?>
<testng-results ignored="1" total="3" passed="2" failed="0" skipped="0">
  <reporter-output>
  </reporter-output>
  <suite started-at="2022-09-28T09:42:57 IST" name="Suite" finished-at="2022-09-28T09:42:58 IST" duration-ms="87">
    <groups>
    </groups>
    <test started-at="2022-09-28T09:42:57 IST" name="SmokeTests" finished-at="2022-09-28T09:42:58 IST" duration-ms="87">
      <class name="loanapplications.CarLoanApplicationTests">
        <test-method signature="CarLoanLoginWeb()[pri:0, instance:loanapplications.CarLoanApplicationTests@2e1d27ba]" started-at="2022-09-28T09:42:58 IST" name="CarLoanLoginWeb" finished-at="2022-09-28T09:42:58 IST" duration-ms="21" status="PASS">
          <reporter-output>
          </reporter-output>
        </test-method> <!-- CarLoanLoginWeb -->
        <test-method signature="CarLoanLoginAPI()[pri:0, instance:loanapplications.CarLoanApplicationTests@2e1d27ba]" started-at="2022-09-28T09:42:58 IST" name="CarLoanLoginAPI" finished-at="2022-09-28T09:42:58 IST" depends-on-methods="loanapplications.CarLoanApplicationTests.CarLoanLoginWeb" duration-ms="1" status="PASS">
          <reporter-output>
          </reporter-output>
        </test-method> <!-- CarLoanLoginAPI -->
      </class> <!-- loanapplications.CarLoanApplicationTests -->
    </test> <!-- SmokeTests -->
  </suite> <!-- Suite -->
</testng-results>
